<?xml version="1.0" encoding="UTF-8"?>
<testsuite xmlns:xsi="http://www.w3.org/2001/XMLSchema-instance" xsi:noNamespaceSchemaLocation="https://maven.apache.org/surefire/maven-surefire-plugin/xsd/surefire-test-report-3.0.xsd" version="3.0" name="com.portfolio.nlu.IntentEngineServiceTest" time="1.806" tests="82" errors="0" skipped="0" failures="0">
  <properties>
[...]
</properties>
  <testcase name="goalListIntent" classname="com.portfolio.nlu.IntentEngineServiceTest" time="0.372">
    <system-out><![CDATA[20:46:40.364 [main] INFO org.springframework.test.context.support.AnnotationConfigContextLoaderUtils -- Could not detect default configuration classes for test class [com.portfolio.nlu.IntentEngineServiceTest]: IntentEngineServiceTest does not declare any static, non-private, non-final, nested classes annotated with @Configuration.
20:46:40.439 [main] INFO org.springframework.boot.test.context.SpringBootTestContextBootstrapper -- Found @SpringBootConfiguration com.portfolio.nlu.PortfolioNluApplication for test class com.portfolio.nlu.IntentEngineServiceTest

  .   ____          _            __ _ _
 /\\ / ___'_ __ _ _(_)_ __  __ _ \ \ \ \
( ( )\___ | '_ | '_| | '_ \/ _` | \ \ \ \
 \\/  ___)| |_)| | | | | || (_| |  ) ) ) )
  '  |____| .__|_| |_|_| |_\__, | / / / /
 =========|_|==============|___/=/_/_/_/

 :: Spring Boot ::                (v3.3.4)

2026-08-08T20:46:40.646+05:30  INFO 26901 --- [portfolio-nlu] [           main] c.portfolio.nlu.IntentEngineServiceTest  : Starting IntentEngineServiceTest using Java 26.0.1 with PID 26901 (started by tusharnagwani in /Users/tusharnagwani/Downloads/portfolio-nlu 4)
2026-08-08T20:46:40.647+05:30  INFO 26901 --- [portfolio-nlu] [           main] c.portfolio.nlu.IntentEngineServiceTest  : No active profile set, falling back to 1 default profile: "default"
2026-08-08T20:46:41.486+05:30  INFO 26901 --- [portfolio-nlu] [           main] c.portfolio.nlu.IntentEngineServiceTest  : Started IntentEngineServiceTest in 0.989 seconds (process running for 1.475)
]]></system-out>
    <system-err><![CDATA[WARNING: A Java agent has been loaded dynamically (/Users/tusharnagwani/.m2/repository/net/bytebuddy/byte-buddy-agent/1.14.19/byte-buddy-agent-1.14.19.jar)
WARNING: If a serviceability tool is in use, please run with -XX:+EnableDynamicAgentLoading to hide this warning
WARNING: If a serviceability tool is not in use, please run with -Djdk.instrument.traceUsage for more information
WARNING: Dynamic loading of agents will be disallowed by default in a future release
]]></system-err>
  </testcase>
  <testcase name="cagrIntent" classname="com.portfolio.nlu.IntentEngineServiceTest" time="0.006"/>
  <testcase name="sipReturnIntent" classname="com.portfolio.nlu.IntentEngineServiceTest" time="0.006"/>
  <testcase name="holdingsBySectorIntent" classname="com.portfolio.nlu.IntentEngineServiceTest" time="0.004"/>
  <testcase name="dividendHistoryIntent" classname="com.portfolio.nlu.IntentEngineServiceTest" time="0.003"/>
  <testcase name="purchaseHistoryIntent" classname="com.portfolio.nlu.IntentEngineServiceTest" time="0.003"/>
  <testcase name="transactionHistoryIntent" classname="com.portfolio.nlu.IntentEngineServiceTest" time="0.003"/>
  <testcase name="saleHistoryIntent" classname="com.portfolio.nlu.IntentEngineServiceTest" time="0.004"/>
  <testcase name="volatilityIntent" classname="com.portfolio.nlu.IntentEngineServiceTest" time="0.003"/>
  <testcase name="alertNavIntent" classname="com.portfolio.nlu.IntentEngineServiceTest" time="0.003"/>
  <testcase name="gainlossIntent" classname="com.portfolio.nlu.IntentEngineServiceTest" time="0.002"/>
  <testcase name="downloadReportIntent" classname="com.portfolio.nlu.IntentEngineServiceTest" time="0.004"/>
  <testcase name="generateReportIntent" classname="com.portfolio.nlu.IntentEngineServiceTest" time="0.003"/>
  <testcase name="alertTargetIntent" classname="com.portfolio.nlu.IntentEngineServiceTest" time="0.002"/>
  <testcase name="holdingsListIntent" classname="com.portfolio.nlu.IntentEngineServiceTest" time="0.002"/>
  <testcase name="riskScoreIntent" classname="com.portfolio.nlu.IntentEngineServiceTest" time="0.002"/>
  <testcase name="cashflowIntent" classname="com.portfolio.nlu.IntentEngineServiceTest" time="0.002"/>
  <testcase name="bankDetailsIntent" classname="com.portfolio.nlu.IntentEngineServiceTest" time="0.002"/>
  <testcase name="goalProgressIntent" classname="com.portfolio.nlu.IntentEngineServiceTest" time="0.003"/>
  <testcase name="mfXirrIntent" classname="com.portfolio.nlu.IntentEngineServiceTest" time="0.002"/>
  <testcase name="alertGainLossIntent" classname="com.portfolio.nlu.IntentEngineServiceTest" time="0.002"/>
  <testcase name="xirrOnFixedDepositIsRejected" classname="com.portfolio.nlu.IntentEngineServiceTest" time="0.003"/>
  <testcase name="alertPortfolioIntent" classname="com.portfolio.nlu.IntentEngineServiceTest" time="0.004"/>
  <testcase name="holdingsConcentrationIntent" classname="com.portfolio.nlu.IntentEngineServiceTest" time="0.005"/>
  <testcase name="sipStatusIntent" classname="com.portfolio.nlu.IntentEngineServiceTest" time="0.002"/>
  <testcase name="mfSchemeDetailsIntent" classname="com.portfolio.nlu.IntentEngineServiceTest" time="0.002"/>
  <testcase name="holdingsTopGainersIntent" classname="com.portfolio.nlu.IntentEngineServiceTest" time="0.003"/>
  <testcase name="taxSavingIntent" classname="com.portfolio.nlu.IntentEngineServiceTest" time="0.007"/>
  <testcase name="incomeReportIntent" classname="com.portfolio.nlu.IntentEngineServiceTest" time="0.002"/>
  <testcase name="sipHistoryIntent" classname="com.portfolio.nlu.IntentEngineServiceTest" time="0.003"/>
  <testcase name="amcAllocationIntent" classname="com.portfolio.nlu.IntentEngineServiceTest" time="0.003"/>
  <testcase name="stcgIntent" classname="com.portfolio.nlu.IntentEngineServiceTest" time="0.002"/>
  <testcase name="dividendSummaryIntent" classname="com.portfolio.nlu.IntentEngineServiceTest" time="0.001"/>
  <testcase name="holdingReportIntent" classname="com.portfolio.nlu.IntentEngineServiceTest" time="0.002"/>
  <testcase name="sipListIntent" classname="com.portfolio.nlu.IntentEngineServiceTest" time="0.002"/>
  <testcase name="productAllocationIntent" classname="com.portfolio.nlu.IntentEngineServiceTest" time="0.002"/>
  <testcase name="portfolioSummaryQuery" classname="com.portfolio.nlu.IntentEngineServiceTest" time="0.001"/>
  <testcase name="equityDividendIntent" classname="com.portfolio.nlu.IntentEngineServiceTest" time="0.001"/>
  <testcase name="equitySummaryIntent" classname="com.portfolio.nlu.IntentEngineServiceTest" time="0.002"/>
  <testcase name="portfolioAllocationIntent" classname="com.portfolio.nlu.IntentEngineServiceTest" time="0.002"/>
  <testcase name="portfolioTrendQuery" classname="com.portfolio.nlu.IntentEngineServiceTest" time="0.001"/>
  <testcase name="portfolioAllocationQuery" classname="com.portfolio.nlu.IntentEngineServiceTest" time="0.001"/>
  <testcase name="portfolioCompositionIntent" classname="com.portfolio.nlu.IntentEngineServiceTest" time="0.002"/>
  <testcase name="portfolioComparisonQuery" classname="com.portfolio.nlu.IntentEngineServiceTest" time="0.002"/>
  <testcase name="goalShortfallIntent" classname="com.portfolio.nlu.IntentEngineServiceTest" time="0.001"/>
  <testcase name="clientKycIntent" classname="com.portfolio.nlu.IntentEngineServiceTest" time="0.002"/>
  <testcase name="portfolioPerformanceQuery" classname="com.portfolio.nlu.IntentEngineServiceTest" time="0.002"/>
  <testcase name="portfolioHistoryQuery" classname="com.portfolio.nlu.IntentEngineServiceTest" time="0.004"/>
  <testcase name="endToEndExampleFromSpec" classname="com.portfolio.nlu.IntentEngineServiceTest" time="0.002"/>
  <testcase name="equityHoldingsIntent" classname="com.portfolio.nlu.IntentEngineServiceTest" time="0.002"/>
  <testcase name="portfolioDataNotConnectedWhenDisabled" classname="com.portfolio.nlu.IntentEngineServiceTest" time="0.003"/>
  <testcase name="portfolioSummaryIntent" classname="com.portfolio.nlu.IntentEngineServiceTest" time="0.003"/>
  <testcase name="mfNavIntent" classname="com.portfolio.nlu.IntentEngineServiceTest" time="0.003"/>
  <testcase name="capitalGainIntent" classname="com.portfolio.nlu.IntentEngineServiceTest" time="0.002"/>
  <testcase name="sipUpcomingIntent" classname="com.portfolio.nlu.IntentEngineServiceTest" time="0.004"/>
  <testcase name="ltcgIntent" classname="com.portfolio.nlu.IntentEngineServiceTest" time="0.002"/>
  <testcase name="taxReportIntent" classname="com.portfolio.nlu.IntentEngineServiceTest" time="0.001"/>
  <testcase name="countryAllocationIntent" classname="com.portfolio.nlu.IntentEngineServiceTest" time="0.001"/>
  <testcase name="sipMissedIntent" classname="com.portfolio.nlu.IntentEngineServiceTest" time="0.001"/>
  <testcase name="holdingsTopLosersIntent" classname="com.portfolio.nlu.IntentEngineServiceTest" time="0.001"/>
  <testcase name="holdingsByMarketCapIntent" classname="com.portfolio.nlu.IntentEngineServiceTest" time="0.002"/>
  <testcase name="interestSummaryIntent" classname="com.portfolio.nlu.IntentEngineServiceTest" time="0.001"/>
  <testcase name="goalRecommendationIntent" classname="com.portfolio.nlu.IntentEngineServiceTest" time="0.001"/>
  <testcase name="emailReportIntent" classname="com.portfolio.nlu.IntentEngineServiceTest" time="0.001"/>
  <testcase name="nomineeDetailsIntent" classname="com.portfolio.nlu.IntentEngineServiceTest" time="0.001"/>
  <testcase name="xirrPerformanceIntent" classname="com.portfolio.nlu.IntentEngineServiceTest" time="0.002"/>
  <testcase name="monthlyReportIntent" classname="com.portfolio.nlu.IntentEngineServiceTest" time="0.001"/>
  <testcase name="portfolioCompositionQuery" classname="com.portfolio.nlu.IntentEngineServiceTest" time="0.001"/>
  <testcase name="marketcapAllocationIntent" classname="com.portfolio.nlu.IntentEngineServiceTest" time="0.001"/>
  <testcase name="holdingsByAMCIntent" classname="com.portfolio.nlu.IntentEngineServiceTest" time="0.002"/>
  <testcase name="taxHarvestingIntent" classname="com.portfolio.nlu.IntentEngineServiceTest" time="0.001"/>
  <testcase name="portfolioValueQuery" classname="com.portfolio.nlu.IntentEngineServiceTest" time="0.002"/>
  <testcase name="monthlyReturnIntent" classname="com.portfolio.nlu.IntentEngineServiceTest" time="0.001"/>
  <testcase name="clientProfileIntent" classname="com.portfolio.nlu.IntentEngineServiceTest" time="0.001"/>
  <testcase name="diversificationIntent" classname="com.portfolio.nlu.IntentEngineServiceTest" time="0.001"/>
  <testcase name="assetAllocationIntent" classname="com.portfolio.nlu.IntentEngineServiceTest" time="0.002"/>
  <testcase name="sectorAllocationIntent" classname="com.portfolio.nlu.IntentEngineServiceTest" time="0.001"/>
  <testcase name="yearlyReturnIntent" classname="com.portfolio.nlu.IntentEngineServiceTest" time="0.002"/>
  <testcase name="mfSummaryIntent" classname="com.portfolio.nlu.IntentEngineServiceTest" time="0.002"/>
  <testcase name="riskBySectorIntent" classname="com.portfolio.nlu.IntentEngineServiceTest" time="0.002"/>
  <testcase name="concentrationRiskIntent" classname="com.portfolio.nlu.IntentEngineServiceTest" time="0.001"/>
  <testcase name="goalSimulationIntent" classname="com.portfolio.nlu.IntentEngineServiceTest" time="0.001"/>
</testsuite>